0 info it worked if it ends with ok
1 verbose cli [ '/usr/bin/nodejs', '/usr/bin/npm', 'start' ]
2 info using npm@3.5.2
3 info using node@v4.2.6
4 verbose run-script [ 'prestart', 'start', 'poststart' ]
5 info lifecycle mern-starter@2.0.0~prestart: mern-starter@2.0.0
6 silly lifecycle mern-starter@2.0.0~prestart: no script for prestart, continuing
7 info lifecycle mern-starter@2.0.0~start: mern-starter@2.0.0
8 verbose lifecycle mern-starter@2.0.0~start: unsafe-perm in lifecycle true
9 verbose lifecycle mern-starter@2.0.0~start: PATH: /usr/share/npm/bin/node-gyp-bin:/home/sandy/Dropbox/uncvr/uncvr/node_modules/.bin:/usr/local/sbin:/usr/local/bin:/usr/sbin:/usr/bin:/sbin:/bin
10 verbose lifecycle mern-starter@2.0.0~start: CWD: /home/sandy/Dropbox/uncvr/uncvr
11 silly lifecycle mern-starter@2.0.0~start: Args: [ '-c',
11 silly lifecycle   'cross-env BABEL_DISABLE_CACHE=1 NODE_ENV=development nodemon index.js' ]
12 info lifecycle mern-starter@2.0.0~start: Failed to exec start script
13 verbose stack Error: mern-starter@2.0.0 start: `cross-env BABEL_DISABLE_CACHE=1 NODE_ENV=development nodemon index.js`
13 verbose stack spawn ENOENT
13 verbose stack     at ChildProcess.<anonymous> (/usr/share/npm/lib/utils/spawn.js:17:16)
13 verbose stack     at emitTwo (events.js:87:13)
13 verbose stack     at ChildProcess.emit (events.js:172:7)
13 verbose stack     at maybeClose (internal/child_process.js:821:16)
13 verbose stack     at Process.ChildProcess._handle.onexit (internal/child_process.js:211:5)
14 verbose pkgid mern-starter@2.0.0
15 verbose cwd /home/sandy/Dropbox/uncvr/uncvr
16 error Linux 4.4.0-53-generic
17 error argv "/usr/bin/nodejs" "/usr/bin/npm" "start"
18 error node v4.2.6
19 error npm  v3.5.2
20 error file sh
21 error code ELIFECYCLE
22 error errno ENOENT
23 error syscall spawn
24 error mern-starter@2.0.0 start: `cross-env BABEL_DISABLE_CACHE=1 NODE_ENV=development nodemon index.js`
24 error spawn ENOENT
25 error Failed at the mern-starter@2.0.0 start script 'cross-env BABEL_DISABLE_CACHE=1 NODE_ENV=development nodemon index.js'.
25 error Make sure you have the latest version of node.js and npm installed.
25 error If you do, this is most likely a problem with the mern-starter package,
25 error not with npm itself.
25 error Tell the author that this fails on your system:
25 error     cross-env BABEL_DISABLE_CACHE=1 NODE_ENV=development nodemon index.js
25 error You can get information on how to open an issue for this project with:
25 error     npm bugs mern-starter
25 error Or if that isn't available, you can get their info via:
25 error     npm owner ls mern-starter
25 error There is likely additional logging output above.
26 verbose exit [ 1, true ]
